 
****************************************
Report : area
Design : interpolator
Version: J-2014.09-SP4
Date   : Thu Oct 25 10:51:30 2018
****************************************

Information: Updating design information... (UID-85)
Library(s) Used:

    typical (File: /afs/ece/class/ece341/setup/Artisan/typical.db)

Number of ports:                           99
Number of nets:                          1486
Number of cells:                          289
Number of combinational cells:              0
Number of sequential cells:               289
Number of macros/black boxes:               0
Number of buf/inv:                          0
Number of references:                      34

Combinational area:                  0.000000
Buf/Inv area:                        0.000000
Noncombinational area:           14476.493164
Macro/Black Box area:                0.000000
Net Interconnect area:      undefined  (No wire load specified)

Total cell area:                 14476.493164
Total area:                 undefined
1
